c:\users\shubs.laptop-8o5r55sm\documents\3d_basketball_wssef\build\release\glew32.dll
c:\users\shubs.laptop-8o5r55sm\documents\3d_basketball_wssef\build\release\glfw3.dll
c:\users\shubs.laptop-8o5r55sm\documents\3d_basketball_wssef\build\basketball3d.dir\release\shader.obj
c:\users\shubs.laptop-8o5r55sm\documents\3d_basketball_wssef\build\basketball3d.dir\release\court.obj
c:\users\shubs.laptop-8o5r55sm\documents\3d_basketball_wssef\build\basketball3d.dir\release\renderer.obj
c:\users\shubs.laptop-8o5r55sm\documents\3d_basketball_wssef\build\basketball3d.dir\release\physics.obj
c:\users\shubs.laptop-8o5r55sm\documents\3d_basketball_wssef\build\basketball3d.dir\release\main.obj
c:\users\shubs.laptop-8o5r55sm\documents\3d_basketball_wssef\build\cmakefiles\generate.stamp
c:\users\shubs.laptop-8o5r55sm\documents\3d_basketball_wssef\build\release\basketball3d.exe
c:\users\shubs.laptop-8o5r55sm\documents\3d_basketball_wssef\build\basketball3d.dir\release\basketball3d.tlog\basketball3d.write.1u.tlog
c:\users\shubs.laptop-8o5r55sm\documents\3d_basketball_wssef\build\basketball3d.dir\release\basketball3d.tlog\cl.command.1.tlog
c:\users\shubs.laptop-8o5r55sm\documents\3d_basketball_wssef\build\basketball3d.dir\release\basketball3d.tlog\cl.items.tlog
c:\users\shubs.laptop-8o5r55sm\documents\3d_basketball_wssef\build\basketball3d.dir\release\basketball3d.tlog\cl.read.1.tlog
c:\users\shubs.laptop-8o5r55sm\documents\3d_basketball_wssef\build\basketball3d.dir\release\basketball3d.tlog\cl.write.1.tlog
c:\users\shubs.laptop-8o5r55sm\documents\3d_basketball_wssef\build\basketball3d.dir\release\basketball3d.tlog\custombuild.command.1.tlog
c:\users\shubs.laptop-8o5r55sm\documents\3d_basketball_wssef\build\basketball3d.dir\release\basketball3d.tlog\custombuild.read.1.tlog
c:\users\shubs.laptop-8o5r55sm\documents\3d_basketball_wssef\build\basketball3d.dir\release\basketball3d.tlog\custombuild.write.1.tlog
c:\users\shubs.laptop-8o5r55sm\documents\3d_basketball_wssef\build\basketball3d.dir\release\basketball3d.tlog\link.command.1.tlog
c:\users\shubs.laptop-8o5r55sm\documents\3d_basketball_wssef\build\basketball3d.dir\release\basketball3d.tlog\link.read.1.tlog
c:\users\shubs.laptop-8o5r55sm\documents\3d_basketball_wssef\build\basketball3d.dir\release\basketball3d.tlog\link.secondary.1.tlog
c:\users\shubs.laptop-8o5r55sm\documents\3d_basketball_wssef\build\basketball3d.dir\release\basketball3d.tlog\link.write.1.tlog
